-------------------------------------------------------------------------------
Test set: com.examly.springapp.SpringappFoodTruckVendorTests
-------------------------------------------------------------------------------
Tests run: 21, Failures: 21, Errors: 0, Skipped: 0, Time elapsed: 4.083 s <<< FAILURE! - in com.examly.springapp.SpringappFoodTruckVendorTests
com.examly.springapp.SpringappFoodTruckVendorTests.test_FoodTruckVendorModel_Has_name_Field  Time elapsed: 0.218 s  <<< FAILURE!
org.opentest4j.AssertionFailedError: Field name in class com.examly.springapp.model.FoodTruckVendor does not exist.
	at com.examly.springapp.SpringappFoodTruckVendorTests.checkFieldExists(SpringappApplicationTests.java:184)
	at com.examly.springapp.SpringappFoodTruckVendorTests.test_FoodTruckVendorModel_Has_name_Field(SpringappApplicationTests.java:116)

com.examly.springapp.SpringappFoodTruckVendorTests.test_CorsConfiguration_Has_Configuration_Annotation  Time elapsed: 0.003 s  <<< FAILURE!
org.opentest4j.AssertionFailedError: Class com.examly.springapp.configuration.CorsConfiguration or annotation org.springframework.context.annotation.Configuration does not exist.
	at com.examly.springapp.SpringappFoodTruckVendorTests.checkClassHasAnnotation(SpringappApplicationTests.java:204)
	at com.examly.springapp.SpringappFoodTruckVendorTests.test_CorsConfiguration_Has_Configuration_Annotation(SpringappApplicationTests.java:151)

com.examly.springapp.SpringappFoodTruckVendorTests.test_FoodTruckVendorModel_Has_cuisineSpecialties_Field  Time elapsed: 0.002 s  <<< FAILURE!
org.opentest4j.AssertionFailedError: Field cuisineSpecialties in class com.examly.springapp.model.FoodTruckVendor does not exist.
	at com.examly.springapp.SpringappFoodTruckVendorTests.checkFieldExists(SpringappApplicationTests.java:184)
	at com.examly.springapp.SpringappFoodTruckVendorTests.test_FoodTruckVendorModel_Has_cuisineSpecialties_Field(SpringappApplicationTests.java:121)

com.examly.springapp.SpringappFoodTruckVendorTests.test_Repository_Directory_Exists  Time elapsed: 0.003 s  <<< FAILURE!
org.opentest4j.AssertionFailedError: expected: <true> but was: <false>
	at com.examly.springapp.SpringappFoodTruckVendorTests.test_Repository_Directory_Exists(SpringappApplicationTests.java:93)

com.examly.springapp.SpringappFoodTruckVendorTests.testGetAllFoodTruckVendors  Time elapsed: 0.063 s  <<< FAILURE!
java.lang.AssertionError: Status expected:<200> but was:<404>
	at com.examly.springapp.SpringappFoodTruckVendorTests.testGetAllFoodTruckVendors(SpringappApplicationTests.java:56)

com.examly.springapp.SpringappFoodTruckVendorTests.test_FoodTruckVendorModel_Has_menuHighlights_Field  Time elapsed: 0.004 s  <<< FAILURE!
org.opentest4j.AssertionFailedError: Field menuHighlights in class com.examly.springapp.model.FoodTruckVendor does not exist.
	at com.examly.springapp.SpringappFoodTruckVendorTests.checkFieldExists(SpringappApplicationTests.java:184)
	at com.examly.springapp.SpringappFoodTruckVendorTests.test_FoodTruckVendorModel_Has_menuHighlights_Field(SpringappApplicationTests.java:131)

com.examly.springapp.SpringappFoodTruckVendorTests.test_FoodTruckVendorModel_Has_operatingRegion_Field  Time elapsed: 0.004 s  <<< FAILURE!
org.opentest4j.AssertionFailedError: Field operatingRegion in class com.examly.springapp.model.FoodTruckVendor does not exist.
	at com.examly.springapp.SpringappFoodTruckVendorTests.checkFieldExists(SpringappApplicationTests.java:184)
	at com.examly.springapp.SpringappFoodTruckVendorTests.test_FoodTruckVendorModel_Has_operatingRegion_Field(SpringappApplicationTests.java:126)

com.examly.springapp.SpringappFoodTruckVendorTests.test_FoodTruckVendorModel_File_Exists  Time elapsed: 0.003 s  <<< FAILURE!
org.opentest4j.AssertionFailedError: expected: <true> but was: <false>
	at com.examly.springapp.SpringappFoodTruckVendorTests.test_FoodTruckVendorModel_File_Exists(SpringappApplicationTests.java:86)

com.examly.springapp.SpringappFoodTruckVendorTests.test_InvalidOperatingRegionException_Extends_RuntimeException  Time elapsed: 0.003 s  <<< FAILURE!
org.opentest4j.AssertionFailedError: InvalidOperatingRegionException class does not exist.
	at com.examly.springapp.SpringappFoodTruckVendorTests.test_InvalidOperatingRegionException_Extends_RuntimeException(SpringappApplicationTests.java:167)

com.examly.springapp.SpringappFoodTruckVendorTests.test_FoodTruckVendorRepo_Extends_JpaRepository  Time elapsed: 0.003 s  <<< FAILURE!
org.opentest4j.AssertionFailedError: Class com.examly.springapp.repository.FoodTruckVendorRepo or interface org.springframework.data.jpa.repository.JpaRepository does not exist.
	at com.examly.springapp.SpringappFoodTruckVendorTests.checkClassImplementsInterface(SpringappApplicationTests.java:194)
	at com.examly.springapp.SpringappFoodTruckVendorTests.test_FoodTruckVendorRepo_Extends_JpaRepository(SpringappApplicationTests.java:141)

com.examly.springapp.SpringappFoodTruckVendorTests.test_FoodTruckvendorService_Class_Exists  Time elapsed: 0.003 s  <<< FAILURE!
org.opentest4j.AssertionFailedError: Class com.examly.springapp.service.FoodTruckVendorService does not exist.
	at com.examly.springapp.SpringappFoodTruckVendorTests.checkClassExists(SpringappApplicationTests.java:175)
	at com.examly.springapp.SpringappFoodTruckVendorTests.test_FoodTruckvendorService_Class_Exists(SpringappApplicationTests.java:105)

com.examly.springapp.SpringappFoodTruckVendorTests.testAddFoodTruckVendor  Time elapsed: 0.006 s  <<< FAILURE!
java.lang.AssertionError: Status expected:<201> but was:<404>
	at com.examly.springapp.SpringappFoodTruckVendorTests.testAddFoodTruckVendor(SpringappApplicationTests.java:34)

com.examly.springapp.SpringappFoodTruckVendorTests.test_CorsConfiguration_Class_Exists  Time elapsed: 0.005 s  <<< FAILURE!
org.opentest4j.AssertionFailedError: Class com.examly.springapp.configuration.CorsConfiguration does not exist.
	at com.examly.springapp.SpringappFoodTruckVendorTests.checkClassExists(SpringappApplicationTests.java:175)
	at com.examly.springapp.SpringappFoodTruckVendorTests.test_CorsConfiguration_Class_Exists(SpringappApplicationTests.java:146)

com.examly.springapp.SpringappFoodTruckVendorTests.test_FoodTruckVendorModel_Class_Exists  Time elapsed: 0.002 s  <<< FAILURE!
org.opentest4j.AssertionFailedError: Class com.examly.springapp.model.FoodTruckVendor does not exist.
	at com.examly.springapp.SpringappFoodTruckVendorTests.checkClassExists(SpringappApplicationTests.java:175)
	at com.examly.springapp.SpringappFoodTruckVendorTests.test_FoodTruckVendorModel_Class_Exists(SpringappApplicationTests.java:111)

com.examly.springapp.SpringappFoodTruckVendorTests.test_Service_Directory_Exists  Time elapsed: 0.008 s  <<< FAILURE!
org.opentest4j.AssertionFailedError: expected: <true> but was: <false>
	at com.examly.springapp.SpringappFoodTruckVendorTests.test_Service_Directory_Exists(SpringappApplicationTests.java:100)

com.examly.springapp.SpringappFoodTruckVendorTests.test_Controller_Directory_Exists  Time elapsed: 0.002 s  <<< FAILURE!
org.opentest4j.AssertionFailedError: expected: <true> but was: <false>
	at com.examly.springapp.SpringappFoodTruckVendorTests.test_Controller_Directory_Exists(SpringappApplicationTests.java:65)

com.examly.springapp.SpringappFoodTruckVendorTests.test_Model_Directory_Exists  Time elapsed: 0.001 s  <<< FAILURE!
org.opentest4j.AssertionFailedError: expected: <true> but was: <false>
	at com.examly.springapp.SpringappFoodTruckVendorTests.test_Model_Directory_Exists(SpringappApplicationTests.java:79)

com.examly.springapp.SpringappFoodTruckVendorTests.testAddFoodTruckVendor_InvalidOperatingRegion  Time elapsed: 0.004 s  <<< FAILURE!
java.lang.AssertionError: Status expected:<400> but was:<404>
	at com.examly.springapp.SpringappFoodTruckVendorTests.testAddFoodTruckVendor_InvalidOperatingRegion(SpringappApplicationTests.java:46)

com.examly.springapp.SpringappFoodTruckVendorTests.test_FoodTruckVendorController_File_Exists  Time elapsed: 0.002 s  <<< FAILURE!
org.opentest4j.AssertionFailedError: expected: <true> but was: <false>
	at com.examly.springapp.SpringappFoodTruckVendorTests.test_FoodTruckVendorController_File_Exists(SpringappApplicationTests.java:72)

com.examly.springapp.SpringappFoodTruckVendorTests.test_FoodTruckVendorModel_Has_phoneNumber_Field  Time elapsed: 0.003 s  <<< FAILURE!
org.opentest4j.AssertionFailedError: Field phoneNumber in class com.examly.springapp.model.FoodTruckVendor does not exist.
	at com.examly.springapp.SpringappFoodTruckVendorTests.checkFieldExists(SpringappApplicationTests.java:184)
	at com.examly.springapp.SpringappFoodTruckVendorTests.test_FoodTruckVendorModel_Has_phoneNumber_Field(SpringappApplicationTests.java:136)

com.examly.springapp.SpringappFoodTruckVendorTests.test_InvalidOperatingRegionException_Class_Exists  Time elapsed: 0.002 s  <<< FAILURE!
org.opentest4j.AssertionFailedError: Class com.examly.springapp.exception.InvalidOperatingRegionException does not exist.
	at com.examly.springapp.SpringappFoodTruckVendorTests.checkClassExists(SpringappApplicationTests.java:175)
	at com.examly.springapp.SpringappFoodTruckVendorTests.test_InvalidOperatingRegionException_Class_Exists(SpringappApplicationTests.java:156)

