<?xml version="1.0" encoding="UTF-8"?>
<testsuite xmlns:xsi="http://www.w3.org/2001/XMLSchema-instance" xsi:noNamespaceSchemaLocation="https://maven.apache.org/surefire/maven-surefire-plugin/xsd/surefire-test-report-3.0.xsd" version="3.0" name="com.examly.springapp.SpringappFoodTruckVendorTests" time="4.083" tests="21" errors="0" skipped="0" failures="21">
  <properties>
[...]
</properties>
  <testcase name="test_FoodTruckVendorModel_Has_name_Field" classname="com.examly.springapp.SpringappFoodTruckVendorTests" time="0.218">
    <failure type="org.opentest4j.AssertionFailedError"><![CDATA[org.opentest4j.AssertionFailedError: Field name in class com.examly.springapp.model.FoodTruckVendor does not exist.
	at com.examly.springapp.SpringappFoodTruckVendorTests.checkFieldExists(SpringappApplicationTests.java:184)
	at com.examly.springapp.SpringappFoodTruckVendorTests.test_FoodTruckVendorModel_Has_name_Field(SpringappApplicationTests.java:116)
]]></failure>
    <system-out><![CDATA[04:48:46.721 [main] DEBUG org.springframework.boot.test.context.SpringBootTestContextBootstrapper - Neither @ContextConfiguration nor @ContextHierarchy found for test class [SpringappFoodTruckVendorTests]: using SpringBootContextLoader
04:48:46.728 [main] DEBUG org.springframework.test.context.support.AbstractContextLoader - Could not detect default resource locations for test class [com.examly.springapp.SpringappFoodTruckVendorTests]: no resource found for suffixes {-context.xml, Context.groovy}.
04:48:46.775 [main] DEBUG org.springframework.boot.test.context.SpringBootTestContextBootstrapper - Using ContextCustomizers for test class [SpringappFoodTruckVendorTests]: [ImportsContextCustomizer, ExcludeFilterContextCustomizer, DuplicateJsonObjectContextCustomizer, MockitoContextCustomizer, TestRestTemplateContextCustomizer, DisableObservabilityContextCustomizer, PropertyMappingContextCustomizer, Customizer]
04:48:46.929 [main] DEBUG org.springframework.boot.test.context.SpringBootTestContextBootstrapper - Using TestExecutionListeners for test class [SpringappFoodTruckVendorTests]: [ServletTestExecutionListener, DirtiesContextBeforeModesTestExecutionListener, ApplicationEventsTestExecutionListener, MockitoTestExecutionListener, DependencyInjectionTestExecutionListener, DirtiesContextTestExecutionListener, TransactionalTestExecutionListener, SqlScriptsTestExecutionListener, EventPublishingTestExecutionListener, ResetMocksTestExecutionListener, RestDocsTestExecutionListener, MockRestServiceServerResetTestExecutionListener, MockMvcPrintOnlyOnFailureTestExecutionListener, WebDriverTestExecutionListener, MockWebServiceServerTestExecutionListener]
04:48:46.930 [main] DEBUG org.springframework.test.context.support.AbstractDirtiesContextTestExecutionListener - Before test class: class [SpringappFoodTruckVendorTests], class annotated with @DirtiesContext [false] with mode [null]

  .   ____          _            __ _ _
 /\\ / ___'_ __ _ _(_)_ __  __ _ \ \ \ \
( ( )\___ | '_ | '_| | '_ \/ _` | \ \ \ \
 \\/  ___)| |_)| | | | | || (_| |  ) ) ) )
  '  |____| .__|_| |_|_| |_\__, | / / / /
 =========|_|==============|___/=/_/_/_/
 :: Spring Boot ::                (v3.0.1)

2025-08-04T04:48:47.466Z  INFO 660 --- [           main] c.e.s.SpringappFoodTruckVendorTests      : Starting SpringappFoodTruckVendorTests using Java 17.0.15 with PID 660 (started by coder in /home/coder/project/workspace/springapp)
2025-08-04T04:48:47.472Z  INFO 660 --- [           main] c.e.s.SpringappFoodTruckVendorTests      : No active profile set, falling back to 1 default profile: "default"
2025-08-04T04:48:48.534Z  INFO 660 --- [           main] .s.d.r.c.RepositoryConfigurationDelegate : Bootstrapping Spring Data JPA repositories in DEFAULT mode.
2025-08-04T04:48:48.555Z  INFO 660 --- [           main] .s.d.r.c.RepositoryConfigurationDelegate : Finished Spring Data repository scanning in 13 ms. Found 0 JPA repository interfaces.
2025-08-04T04:48:48.996Z  INFO 660 --- [           main] o.hibernate.jpa.internal.util.LogHelper  : HHH000204: Processing PersistenceUnitInfo [name: default]
2025-08-04T04:48:49.026Z  INFO 660 --- [           main] org.hibernate.Version                    : HHH000412: Hibernate ORM core version 6.1.6.Final
2025-08-04T04:48:49.140Z  WARN 660 --- [           main] org.hibernate.orm.deprecation            : HHH90000021: Encountered deprecated setting [javax.persistence.sharedCache.mode], use [jakarta.persistence.sharedCache.mode] instead
2025-08-04T04:48:49.226Z  INFO 660 --- [           main] com.zaxxer.hikari.HikariDataSource       : HikariPool-1 - Starting...
2025-08-04T04:48:49.381Z  INFO 660 --- [           main] com.zaxxer.hikari.pool.HikariPool        : HikariPool-1 - Added connection com.mysql.cj.jdbc.ConnectionImpl@3869a6e5
2025-08-04T04:48:49.383Z  INFO 660 --- [           main] com.zaxxer.hikari.HikariDataSource       : HikariPool-1 - Start completed.
2025-08-04T04:48:49.394Z  INFO 660 --- [           main] SQL dialect                              : HHH000400: Using dialect: org.hibernate.dialect.MySQL8Dialect
2025-08-04T04:48:49.394Z  WARN 660 --- [           main] org.hibernate.orm.deprecation            : HHH90000026: MySQL8Dialect has been deprecated; use org.hibernate.dialect.MySQLDialect instead
2025-08-04T04:48:49.582Z  INFO 660 --- [           main] o.h.e.t.j.p.i.JtaPlatformInitiator       : HHH000490: Using JtaPlatform implementation: [org.hibernate.engine.transaction.jta.platform.internal.NoJtaPlatform]
2025-08-04T04:48:49.589Z  INFO 660 --- [           main] j.LocalContainerEntityManagerFactoryBean : Initialized JPA EntityManagerFactory for persistence unit 'default'
2025-08-04T04:48:49.715Z  WARN 660 --- [           main] JpaBaseConfiguration$JpaWebConfiguration : spring.jpa.open-in-view is enabled by default. Therefore, database queries may be performed during view rendering. Explicitly configure spring.jpa.open-in-view to disable this warning
2025-08-04T04:48:49.992Z  INFO 660 --- [           main] o.s.b.t.m.w.SpringBootMockServletContext : Initializing Spring TestDispatcherServlet ''
2025-08-04T04:48:49.992Z  INFO 660 --- [           main] o.s.t.web.servlet.TestDispatcherServlet  : Initializing Servlet ''
2025-08-04T04:48:49.994Z  INFO 660 --- [           main] o.s.t.web.servlet.TestDispatcherServlet  : Completed initialization in 1 ms
2025-08-04T04:48:50.010Z  INFO 660 --- [           main] c.e.s.SpringappFoodTruckVendorTests      : Started SpringappFoodTruckVendorTests in 3.042 seconds (process running for 5.132)
]]></system-out>
  </testcase>
  <testcase name="test_CorsConfiguration_Has_Configuration_Annotation" classname="com.examly.springapp.SpringappFoodTruckVendorTests" time="0.003">
    <failure type="org.opentest4j.AssertionFailedError"><![CDATA[org.opentest4j.AssertionFailedError: Class com.examly.springapp.configuration.CorsConfiguration or annotation org.springframework.context.annotation.Configuration does not exist.
	at com.examly.springapp.SpringappFoodTruckVendorTests.checkClassHasAnnotation(SpringappApplicationTests.java:204)
	at com.examly.springapp.SpringappFoodTruckVendorTests.test_CorsConfiguration_Has_Configuration_Annotation(SpringappApplicationTests.java:151)
]]></failure>
  </testcase>
  <testcase name="test_FoodTruckVendorModel_Has_cuisineSpecialties_Field" classname="com.examly.springapp.SpringappFoodTruckVendorTests" time="0.002">
    <failure type="org.opentest4j.AssertionFailedError"><![CDATA[org.opentest4j.AssertionFailedError: Field cuisineSpecialties in class com.examly.springapp.model.FoodTruckVendor does not exist.
	at com.examly.springapp.SpringappFoodTruckVendorTests.checkFieldExists(SpringappApplicationTests.java:184)
	at com.examly.springapp.SpringappFoodTruckVendorTests.test_FoodTruckVendorModel_Has_cuisineSpecialties_Field(SpringappApplicationTests.java:121)
]]></failure>
  </testcase>
  <testcase name="test_Repository_Directory_Exists" classname="com.examly.springapp.SpringappFoodTruckVendorTests" time="0.003">
    <failure type="org.opentest4j.AssertionFailedError"><![CDATA[org.opentest4j.AssertionFailedError: expected: <true> but was: <false>
	at com.examly.springapp.SpringappFoodTruckVendorTests.test_Repository_Directory_Exists(SpringappApplicationTests.java:93)
]]></failure>
  </testcase>
  <testcase name="testGetAllFoodTruckVendors" classname="com.examly.springapp.SpringappFoodTruckVendorTests" time="0.063">
    <failure type="java.lang.AssertionError"><![CDATA[java.lang.AssertionError: Status expected:<200> but was:<404>
	at com.examly.springapp.SpringappFoodTruckVendorTests.testGetAllFoodTruckVendors(SpringappApplicationTests.java:56)
]]></failure>
    <system-out><![CDATA[
MockHttpServletRequest:
      HTTP Method = GET
      Request URI = /getAllVendors
       Parameters = {}
          Headers = [Accept:"application/json"]
             Body = null
    Session Attrs = {}

Handler:
             Type = org.springframework.web.servlet.resource.ResourceHttpRequestHandler

Async:
    Async started = false
     Async result = null

Resolved Exception:
             Type = null

ModelAndView:
        View name = null
             View = null
            Model = null

FlashMap:
       Attributes = null

MockHttpServletResponse:
           Status = 404
    Error message = null
          Headers = [Vary:"Origin", "Access-Control-Request-Method", "Access-Control-Request-Headers"]
     Content type = null
             Body = 
    Forwarded URL = null
   Redirected URL = null
          Cookies = []

MockHttpServletRequest:
      HTTP Method = GET
      Request URI = /getAllVendors
       Parameters = {}
          Headers = [Accept:"application/json"]
             Body = null
    Session Attrs = {}

Handler:
             Type = org.springframework.web.servlet.resource.ResourceHttpRequestHandler

Async:
    Async started = false
     Async result = null

Resolved Exception:
             Type = null

ModelAndView:
        View name = null
             View = null
            Model = null

FlashMap:
       Attributes = null

MockHttpServletResponse:
           Status = 404
    Error message = null
          Headers = [Vary:"Origin", "Access-Control-Request-Method", "Access-Control-Request-Headers"]
     Content type = null
             Body = 
    Forwarded URL = null
   Redirected URL = null
          Cookies = []
]]></system-out>
  </testcase>
  <testcase name="test_FoodTruckVendorModel_Has_menuHighlights_Field" classname="com.examly.springapp.SpringappFoodTruckVendorTests" time="0.004">
    <failure type="org.opentest4j.AssertionFailedError"><![CDATA[org.opentest4j.AssertionFailedError: Field menuHighlights in class com.examly.springapp.model.FoodTruckVendor does not exist.
	at com.examly.springapp.SpringappFoodTruckVendorTests.checkFieldExists(SpringappApplicationTests.java:184)
	at com.examly.springapp.SpringappFoodTruckVendorTests.test_FoodTruckVendorModel_Has_menuHighlights_Field(SpringappApplicationTests.java:131)
]]></failure>
  </testcase>
  <testcase name="test_FoodTruckVendorModel_Has_operatingRegion_Field" classname="com.examly.springapp.SpringappFoodTruckVendorTests" time="0.004">
    <failure type="org.opentest4j.AssertionFailedError"><![CDATA[org.opentest4j.AssertionFailedError: Field operatingRegion in class com.examly.springapp.model.FoodTruckVendor does not exist.
	at com.examly.springapp.SpringappFoodTruckVendorTests.checkFieldExists(SpringappApplicationTests.java:184)
	at com.examly.springapp.SpringappFoodTruckVendorTests.test_FoodTruckVendorModel_Has_operatingRegion_Field(SpringappApplicationTests.java:126)
]]></failure>
  </testcase>
  <testcase name="test_FoodTruckVendorModel_File_Exists" classname="com.examly.springapp.SpringappFoodTruckVendorTests" time="0.003">
    <failure type="org.opentest4j.AssertionFailedError"><![CDATA[org.opentest4j.AssertionFailedError: expected: <true> but was: <false>
	at com.examly.springapp.SpringappFoodTruckVendorTests.test_FoodTruckVendorModel_File_Exists(SpringappApplicationTests.java:86)
]]></failure>
  </testcase>
  <testcase name="test_InvalidOperatingRegionException_Extends_RuntimeException" classname="com.examly.springapp.SpringappFoodTruckVendorTests" time="0.003">
    <failure type="org.opentest4j.AssertionFailedError"><![CDATA[org.opentest4j.AssertionFailedError: InvalidOperatingRegionException class does not exist.
	at com.examly.springapp.SpringappFoodTruckVendorTests.test_InvalidOperatingRegionException_Extends_RuntimeException(SpringappApplicationTests.java:167)
]]></failure>
  </testcase>
  <testcase name="test_FoodTruckVendorRepo_Extends_JpaRepository" classname="com.examly.springapp.SpringappFoodTruckVendorTests" time="0.003">
    <failure type="org.opentest4j.AssertionFailedError"><![CDATA[org.opentest4j.AssertionFailedError: Class com.examly.springapp.repository.FoodTruckVendorRepo or interface org.springframework.data.jpa.repository.JpaRepository does not exist.
	at com.examly.springapp.SpringappFoodTruckVendorTests.checkClassImplementsInterface(SpringappApplicationTests.java:194)
	at com.examly.springapp.SpringappFoodTruckVendorTests.test_FoodTruckVendorRepo_Extends_JpaRepository(SpringappApplicationTests.java:141)
]]></failure>
  </testcase>
  <testcase name="test_FoodTruckvendorService_Class_Exists" classname="com.examly.springapp.SpringappFoodTruckVendorTests" time="0.003">
    <failure type="org.opentest4j.AssertionFailedError"><![CDATA[org.opentest4j.AssertionFailedError: Class com.examly.springapp.service.FoodTruckVendorService does not exist.
	at com.examly.springapp.SpringappFoodTruckVendorTests.checkClassExists(SpringappApplicationTests.java:175)
	at com.examly.springapp.SpringappFoodTruckVendorTests.test_FoodTruckvendorService_Class_Exists(SpringappApplicationTests.java:105)
]]></failure>
  </testcase>
  <testcase name="testAddFoodTruckVendor" classname="com.examly.springapp.SpringappFoodTruckVendorTests" time="0.006">
    <failure type="java.lang.AssertionError"><![CDATA[java.lang.AssertionError: Status expected:<201> but was:<404>
	at com.examly.springapp.SpringappFoodTruckVendorTests.testAddFoodTruckVendor(SpringappApplicationTests.java:34)
]]></failure>
    <system-out><![CDATA[
MockHttpServletRequest:
      HTTP Method = POST
      Request URI = /addVendor
       Parameters = {}
          Headers = [Content-Type:"application/json;charset=UTF-8", Accept:"application/json", Content-Length:"164"]
             Body = {"name": "Tasty Bites", "cuisineSpecialties": "Indian", "operatingRegion": "Chennai", "menuHighlights": "Butter Chicken, Paneer Tikka", "phoneNumber": "9876543210"}
    Session Attrs = {}

Handler:
             Type = org.springframework.web.servlet.resource.ResourceHttpRequestHandler

Async:
    Async started = false
     Async result = null

Resolved Exception:
             Type = null

ModelAndView:
        View name = null
             View = null
            Model = null

FlashMap:
       Attributes = null

MockHttpServletResponse:
           Status = 404
    Error message = null
          Headers = [Vary:"Origin", "Access-Control-Request-Method", "Access-Control-Request-Headers"]
     Content type = null
             Body = 
    Forwarded URL = null
   Redirected URL = null
          Cookies = []
]]></system-out>
  </testcase>
  <testcase name="test_CorsConfiguration_Class_Exists" classname="com.examly.springapp.SpringappFoodTruckVendorTests" time="0.005">
    <failure type="org.opentest4j.AssertionFailedError"><![CDATA[org.opentest4j.AssertionFailedError: Class com.examly.springapp.configuration.CorsConfiguration does not exist.
	at com.examly.springapp.SpringappFoodTruckVendorTests.checkClassExists(SpringappApplicationTests.java:175)
	at com.examly.springapp.SpringappFoodTruckVendorTests.test_CorsConfiguration_Class_Exists(SpringappApplicationTests.java:146)
]]></failure>
  </testcase>
  <testcase name="test_FoodTruckVendorModel_Class_Exists" classname="com.examly.springapp.SpringappFoodTruckVendorTests" time="0.002">
    <failure type="org.opentest4j.AssertionFailedError"><![CDATA[org.opentest4j.AssertionFailedError: Class com.examly.springapp.model.FoodTruckVendor does not exist.
	at com.examly.springapp.SpringappFoodTruckVendorTests.checkClassExists(SpringappApplicationTests.java:175)
	at com.examly.springapp.SpringappFoodTruckVendorTests.test_FoodTruckVendorModel_Class_Exists(SpringappApplicationTests.java:111)
]]></failure>
  </testcase>
  <testcase name="test_Service_Directory_Exists" classname="com.examly.springapp.SpringappFoodTruckVendorTests" time="0.008">
    <failure type="org.opentest4j.AssertionFailedError"><![CDATA[org.opentest4j.AssertionFailedError: expected: <true> but was: <false>
	at com.examly.springapp.SpringappFoodTruckVendorTests.test_Service_Directory_Exists(SpringappApplicationTests.java:100)
]]></failure>
  </testcase>
  <testcase name="test_Controller_Directory_Exists" classname="com.examly.springapp.SpringappFoodTruckVendorTests" time="0.002">
    <failure type="org.opentest4j.AssertionFailedError"><![CDATA[org.opentest4j.AssertionFailedError: expected: <true> but was: <false>
	at com.examly.springapp.SpringappFoodTruckVendorTests.test_Controller_Directory_Exists(SpringappApplicationTests.java:65)
]]></failure>
  </testcase>
  <testcase name="test_Model_Directory_Exists" classname="com.examly.springapp.SpringappFoodTruckVendorTests" time="0.001">
    <failure type="org.opentest4j.AssertionFailedError"><![CDATA[org.opentest4j.AssertionFailedError: expected: <true> but was: <false>
	at com.examly.springapp.SpringappFoodTruckVendorTests.test_Model_Directory_Exists(SpringappApplicationTests.java:79)
]]></failure>
  </testcase>
  <testcase name="testAddFoodTruckVendor_InvalidOperatingRegion" classname="com.examly.springapp.SpringappFoodTruckVendorTests" time="0.004">
    <failure type="java.lang.AssertionError"><![CDATA[java.lang.AssertionError: Status expected:<400> but was:<404>
	at com.examly.springapp.SpringappFoodTruckVendorTests.testAddFoodTruckVendor_InvalidOperatingRegion(SpringappApplicationTests.java:46)
]]></failure>
    <system-out><![CDATA[
MockHttpServletRequest:
      HTTP Method = POST
      Request URI = /addVendor
       Parameters = {}
          Headers = [Content-Type:"application/json;charset=UTF-8", Accept:"application/json", Content-Length:"170"]
             Body = {"name": "Tasty Bites", "cuisineSpecialties": "Indian", "operatingRegion": "InvalidRegion", "menuHighlights": "Butter Chicken, Paneer Tikka", "phoneNumber": "9876543210"}
    Session Attrs = {}

Handler:
             Type = org.springframework.web.servlet.resource.ResourceHttpRequestHandler

Async:
    Async started = false
     Async result = null

Resolved Exception:
             Type = null

ModelAndView:
        View name = null
             View = null
            Model = null

FlashMap:
       Attributes = null

MockHttpServletResponse:
           Status = 404
    Error message = null
          Headers = [Vary:"Origin", "Access-Control-Request-Method", "Access-Control-Request-Headers"]
     Content type = null
             Body = 
    Forwarded URL = null
   Redirected URL = null
          Cookies = []
]]></system-out>
  </testcase>
  <testcase name="test_FoodTruckVendorController_File_Exists" classname="com.examly.springapp.SpringappFoodTruckVendorTests" time="0.002">
    <failure type="org.opentest4j.AssertionFailedError"><![CDATA[org.opentest4j.AssertionFailedError: expected: <true> but was: <false>
	at com.examly.springapp.SpringappFoodTruckVendorTests.test_FoodTruckVendorController_File_Exists(SpringappApplicationTests.java:72)
]]></failure>
  </testcase>
  <testcase name="test_FoodTruckVendorModel_Has_phoneNumber_Field" classname="com.examly.springapp.SpringappFoodTruckVendorTests" time="0.003">
    <failure type="org.opentest4j.AssertionFailedError"><![CDATA[org.opentest4j.AssertionFailedError: Field phoneNumber in class com.examly.springapp.model.FoodTruckVendor does not exist.
	at com.examly.springapp.SpringappFoodTruckVendorTests.checkFieldExists(SpringappApplicationTests.java:184)
	at com.examly.springapp.SpringappFoodTruckVendorTests.test_FoodTruckVendorModel_Has_phoneNumber_Field(SpringappApplicationTests.java:136)
]]></failure>
  </testcase>
  <testcase name="test_InvalidOperatingRegionException_Class_Exists" classname="com.examly.springapp.SpringappFoodTruckVendorTests" time="0.002">
    <failure type="org.opentest4j.AssertionFailedError"><![CDATA[org.opentest4j.AssertionFailedError: Class com.examly.springapp.exception.InvalidOperatingRegionException does not exist.
	at com.examly.springapp.SpringappFoodTruckVendorTests.checkClassExists(SpringappApplicationTests.java:175)
	at com.examly.springapp.SpringappFoodTruckVendorTests.test_InvalidOperatingRegionException_Class_Exists(SpringappApplicationTests.java:156)
]]></failure>
  </testcase>
</testsuite>